Arguments: 
  C:\Program Files\nodejs\node.exe C:\Users\Runyo\AppData\Roaming\npm\node_modules\yarn\bin\yarn.js init

PATH: 
  C:\Users\Runyo\bin;C:\Program Files\Git\mingw64\bin;C:\Program Files\Git\usr\local\bin;C:\Program Files\Git\usr\bin;C:\Program Files\Git\usr\bin;C:\Program Files\Git\mingw64\bin;C:\Program Files\Git\usr\bin;C:\Users\Runyo\bin;C:\Python39\Scripts;C:\Python39;C:\Windows\system32;C:\Windows;C:\Windows\System32\Wbem;C:\Windows\System32\WindowsPowerShell\v1.0;C:\Windows\System32\OpenSSH;C:\Program Files (x86)\NVIDIA Corporation\PhysX\Common;C:\Program Files\NVIDIA Corporation\NVIDIA NvDLISR;C:\Program Files\Git\cmd;C:\Program Files\Docker\Docker\resources\bin;C:\ProgramData\DockerDesktop\version-bin;C:\Users\Runyo\Documents\ipfs\go-ipfs;C:\Users\Runyo\AppData\Roaming\nvm;C:\Program Files\nodejs;C:\Program Files\nodejs;C:\ProgramData\chocolatey\bin;C:\Program Files\Go\bin;C:\Users\Runyo\AppData\Local\Microsoft\WindowsApps;C:\Users\Runyo\AppData\Local\Programs\Microsoft VS Code\bin;C:\Users\Runyo\AppData\Local\GitHubDesktop\bin;C:\Program Files\heroku\bin;C:\Users\Runyo\Documents\ipfs\go-ipfs;C:\Users\Runyo\AppData\Roaming\nvm;C:\Program Files\nodejs;C:\Users\Runyo\AppData\Roaming\npm;C:\Users\Runyo\go\bin;C:\Program Files\Git\usr\bin\vendor_perl;C:\Program Files\Git\usr\bin\core_perl

Yarn version: 
  1.22.10

Node version: 
  10.16.3

Platform: 
  win32 x64

Trace: 
  Error: Can't answer a question unless a user TTY
      at ConsoleReporter.question (C:\Users\Runyo\AppData\Roaming\npm\node_modules\yarn\lib\cli.js:96361:59)
      at Object.<anonymous> (C:\Users\Runyo\AppData\Roaming\npm\node_modules\yarn\lib\cli.js:88636:38)
      at Generator.next (<anonymous>)
      at step (C:\Users\Runyo\AppData\Roaming\npm\node_modules\yarn\lib\cli.js:310:30)
      at C:\Users\Runyo\AppData\Roaming\npm\node_modules\yarn\lib\cli.js:321:13
      at process._tickCallback (internal/process/next_tick.js:68:7)

npm manifest: 
  No manifest

yarn manifest: 
  No manifest

Lockfile: 
  No lockfile
